<?xml version="1.0" encoding="UTF-8"?>
<testsuite xmlns:xsi="http://www.w3.org/2001/XMLSchema-instance" xsi:noNamespaceSchemaLocation="https://maven.apache.org/surefire/maven-surefire-plugin/xsd/surefire-test-report.xsd" name="cn.itcast.hotel.HotelIndexTest" time="0.008" tests="1" errors="1" skipped="0" failures="0">
  <properties>
[...]
</properties>
  <testcase name="test" classname="cn.itcast.hotel.HotelIndexTest" time="0">
    <error message="Could not initialize class org.elasticsearch.client.RestHighLevelClient" type="java.lang.NoClassDefFoundError">java.lang.NoClassDefFoundError: Could not initialize class org.elasticsearch.client.RestHighLevelClient
	at cn.itcast.hotel.HotelIndexTest.setup(HotelIndexTest.java:21)
</error>
  </testcase>
</testsuite>